<?xml version="1.0" encoding="UTF-8"?>
<!-- Generated by org.testng.reporters.JUnitReportReporter -->
<testsuite skipped="0" hostname="DESKTOP-G4UEIR1" name="testNG.CreateCustomer" tests="1" failures="0" timestamp="10 Apr 2020 17:34:31 GMT" time="0.009" errors="0">
  <testcase name="testDemo1" time="0.009" classname="testNG.CreateCustomer"/>
</testsuite> <!-- testNG.CreateCustomer -->
