<?xml version="1.0" encoding="UTF-8"?>
<!-- Generated by org.testng.reporters.JUnitReportReporter -->
<testsuite skipped="0" hostname="DESKTOP-G4UEIR1" name="testNG.Demo" tests="4" failures="0" timestamp="10 Apr 2020 17:36:01 GMT" time="0.014" errors="0">
  <testcase name="testDemo2" time="0.009" classname="testNG.Demo"/>
  <testcase name="testDemo" time="0.001" classname="testNG.Demo"/>
  <testcase name="testDemo" time="0.002" classname="testNG.Demo"/>
  <testcase name="testDemo1" time="0.002" classname="testNG.Demo"/>
</testsuite> <!-- testNG.Demo -->
